*** Starting uWSGI 2.0.19.1 (64bit) on [Mon Aug 23 02:32:33 2021] ***
compiled with version: 7.5.0 on 23 August 2021 02:13:55
os: Linux-4.4.0-1128-aws #142-Ubuntu SMP Fri Apr 16 12:42:33 UTC 2021
nodename: goorm
machine: x86_64
clock source: unix
pcre jit disabled
detected number of CPU cores: 2
current working directory: /workspace/WINK_django_MBIT
writing pidfile to /workspace/WINK_django_MBIT/tmp/MBIT.pid
detected binary path: /workspace/WINK_django_MBIT/venv/bin/uwsgi
*** WARNING: you are running uWSGI as root !!! (use the --uid flag) *** 
chdir() to /workspace/WINK_django_MBIT/
your memory page size is 4096 bytes
detected max file descriptor number: 1024
building mime-types dictionary from file /etc/mime.types...554 entry found
lock engine: pthread robust mutexes
thunder lock: disabled (you can enable it with --thunder-lock)
uWSGI http bound on :80 fd 4
uwsgi socket 0 bound to TCP address 127.0.0.1:36757 (port auto-assigned) fd 3
*** WARNING: you are running uWSGI as root !!! (use the --uid flag) *** 
Python version: 3.7.4 (default, Nov  4 2020, 10:17:35)  [GCC 7.4.0]
PEP 405 virtualenv detected: /workspace/WINK_django_MBIT/venv/
Set PythonHome to /workspace/WINK_django_MBIT/venv/
Python main interpreter initialized at 0x559cf55257f0
*** WARNING: you are running uWSGI as root !!! (use the --uid flag) *** 
python threads support enabled
your server socket listen backlog is limited to 100 connections
your mercy for graceful operations on workers is 60 seconds
mapped 145840 bytes (142 KB) for 1 cores
*** Operational MODE: single process ***
WSGI app 0 (mountpoint='') ready in 2 seconds on interpreter 0x559cf55257f0 pid: 3348 (default app)
*** WARNING: you are running uWSGI as root !!! (use the --uid flag) *** 
spawned uWSGI master process (pid: 3348)
spawned uWSGI worker 1 (pid: 3351, cores: 1)
spawned uWSGI http 1 (pid: 3352)
subprocess 3349 exited with code 0
[pid: 3351|app: 0|req: 1/1] 172.17.0.1 () {56 vars in 3560 bytes} [Mon Aug 23 02:32:39 2021] GET / => generated 2146 bytes in 219 msecs (HTTP/1.1 200) 5 headers in 167 bytes (1 switches on core 0)
[pid: 3351|app: 0|req: 2/2] 172.17.0.1 () {54 vars in 3559 bytes} [Mon Aug 23 02:32:42 2021] GET /form/ => generated 36392 bytes in 338 msecs (HTTP/1.1 200) 7 headers in 350 bytes (1 switches on core 0)
[pid: 3351|app: -1|req: -1/3] 172.17.0.1 () {50 vars in 3394 bytes} [Mon Aug 23 02:32:42 2021] GET /static/js/form.js => generated 1132 bytes in 0 msecs via sendfile() (HTTP/1.1 200) 3 headers in 125 bytes (0 switches on core 0)
[pid: 3351|app: -1|req: -1/4] 172.17.0.1 () {50 vars in 3412 bytes} [Mon Aug 23 02:32:42 2021] GET /static/css/form.css => generated 1654 bytes in 7 msecs via sendfile() (HTTP/1.1 200) 3 headers in 111 bytes (0 switches on core 0)
SIGINT/SIGQUIT received...killing workers...
gateway "uWSGI http 1" has been buried (pid: 3352)
worker 1 buried after 1 seconds
goodbye to uWSGI.
VACUUM: pidfile removed.
*** Starting uWSGI 2.0.19.1 (64bit) on [Mon Aug 23 02:35:04 2021] ***
compiled with version: 7.5.0 on 23 August 2021 02:13:55
os: Linux-4.4.0-1128-aws #142-Ubuntu SMP Fri Apr 16 12:42:33 UTC 2021
nodename: goorm
machine: x86_64
clock source: unix
pcre jit disabled
detected number of CPU cores: 2
current working directory: /workspace/WINK_django_MBIT
writing pidfile to /workspace/WINK_django_MBIT/tmp/MBIT.pid
detected binary path: /workspace/WINK_django_MBIT/venv/bin/uwsgi
chdir() to /workspace/WINK_django_MBIT/
your memory page size is 4096 bytes
detected max file descriptor number: 1024
building mime-types dictionary from file /etc/mime.types...554 entry found
lock engine: pthread robust mutexes
thunder lock: disabled (you can enable it with --thunder-lock)
uwsgi socket 0 bound to UNIX address /workspace/WINK_django_MBIT/tmp/MBIT.sock fd 3
*** WARNING: you are running uWSGI as root !!! (use the --uid flag) *** 
Python version: 3.7.4 (default, Nov  4 2020, 10:17:35)  [GCC 7.4.0]
PEP 405 virtualenv detected: /workspace/WINK_django_MBIT/venv/
Set PythonHome to /workspace/WINK_django_MBIT/venv/
Python main interpreter initialized at 0x55d0e7129420
*** WARNING: you are running uWSGI as root !!! (use the --uid flag) *** 
python threads support enabled
your server socket listen backlog is limited to 100 connections
your mercy for graceful operations on workers is 60 seconds
mapped 145840 bytes (142 KB) for 1 cores
*** Operational MODE: single process ***
WSGI app 0 (mountpoint='') ready in 1 seconds on interpreter 0x55d0e7129420 pid: 3391 (default app)
*** WARNING: you are running uWSGI as root !!! (use the --uid flag) *** 
spawned uWSGI master process (pid: 3391)
spawned uWSGI worker 1 (pid: 3394, cores: 1)
subprocess 3392 exited with code 0
[pid: 3394|app: 0|req: 1/1] 172.17.0.1 () {60 vars in 3628 bytes} [Mon Aug 23 02:35:10 2021] GET / => generated 2146 bytes in 204 msecs (HTTP/1.1 200) 5 headers in 167 bytes (1 switches on core 0)
[pid: 3394|app: 0|req: 2/2] 172.17.0.1 () {60 vars in 3628 bytes} [Mon Aug 23 02:35:48 2021] GET / => generated 2146 bytes in 4 msecs (HTTP/1.1 200) 5 headers in 167 bytes (1 switches on core 0)
SIGINT/SIGQUIT received...killing workers...
worker 1 buried after 1 seconds
goodbye to uWSGI.
VACUUM: pidfile removed.
VACUUM: unix socket /workspace/WINK_django_MBIT/tmp/MBIT.sock removed.
*** Starting uWSGI 2.0.19.1 (64bit) on [Mon Aug 23 03:17:26 2021] ***
compiled with version: 7.5.0 on 23 August 2021 02:13:55
os: Linux-4.4.0-1128-aws #142-Ubuntu SMP Fri Apr 16 12:42:33 UTC 2021
nodename: goorm
machine: x86_64
clock source: unix
pcre jit disabled
detected number of CPU cores: 2
current working directory: /workspace/WINK_django_MBIT
writing pidfile to /workspace/WINK_django_MBIT/tmp/MBIT.pid
detected binary path: /workspace/WINK_django_MBIT/venv/bin/uwsgi
chdir() to /workspace/WINK_django_MBIT/
your memory page size is 4096 bytes
detected max file descriptor number: 1024
building mime-types dictionary from file /etc/mime.types...554 entry found
lock engine: pthread robust mutexes
thunder lock: disabled (you can enable it with --thunder-lock)
uwsgi socket 0 bound to UNIX address /workspace/WINK_django_MBIT/tmp/MBIT.sock fd 3
*** WARNING: you are running uWSGI as root !!! (use the --uid flag) *** 
Python version: 3.7.4 (default, Nov  4 2020, 10:17:35)  [GCC 7.4.0]
PEP 405 virtualenv detected: /workspace/WINK_django_MBIT/venv/
Set PythonHome to /workspace/WINK_django_MBIT/venv/
Python main interpreter initialized at 0x55d820cef310
*** WARNING: you are running uWSGI as root !!! (use the --uid flag) *** 
python threads support enabled
your server socket listen backlog is limited to 100 connections
your mercy for graceful operations on workers is 60 seconds
mapped 145840 bytes (142 KB) for 1 cores
*** Operational MODE: single process ***
WSGI app 0 (mountpoint='') ready in 3 seconds on interpreter 0x55d820cef310 pid: 3626 (default app)
*** WARNING: you are running uWSGI as root !!! (use the --uid flag) *** 
spawned uWSGI master process (pid: 3626)
spawned uWSGI worker 1 (pid: 3629, cores: 1)
subprocess 3627 exited with code 0
SIGINT/SIGQUIT received...killing workers...
worker 1 buried after 1 seconds
goodbye to uWSGI.
VACUUM: pidfile removed.
VACUUM: unix socket /workspace/WINK_django_MBIT/tmp/MBIT.sock removed.
*** Starting uWSGI 2.0.19.1 (64bit) on [Mon Aug 23 03:17:44 2021] ***
compiled with version: 7.5.0 on 23 August 2021 02:13:55
os: Linux-4.4.0-1128-aws #142-Ubuntu SMP Fri Apr 16 12:42:33 UTC 2021
nodename: goorm
machine: x86_64
clock source: unix
pcre jit disabled
detected number of CPU cores: 2
current working directory: /workspace/WINK_django_MBIT
writing pidfile to /workspace/WINK_django_MBIT/tmp/MBIT.pid
detected binary path: /workspace/WINK_django_MBIT/venv/bin/uwsgi
chdir() to /workspace/WINK_django_MBIT/
your memory page size is 4096 bytes
detected max file descriptor number: 1024
building mime-types dictionary from file /etc/mime.types...554 entry found
lock engine: pthread robust mutexes
thunder lock: disabled (you can enable it with --thunder-lock)
uwsgi socket 0 bound to UNIX address /workspace/WINK_django_MBIT/tmp/MBIT.sock fd 3
*** WARNING: you are running uWSGI as root !!! (use the --uid flag) *** 
Python version: 3.7.4 (default, Nov  4 2020, 10:17:35)  [GCC 7.4.0]
PEP 405 virtualenv detected: /workspace/WINK_django_MBIT/venv/
Set PythonHome to /workspace/WINK_django_MBIT/venv/
Python main interpreter initialized at 0x556eb5307310
*** WARNING: you are running uWSGI as root !!! (use the --uid flag) *** 
python threads support enabled
your server socket listen backlog is limited to 100 connections
your mercy for graceful operations on workers is 60 seconds
mapped 145840 bytes (142 KB) for 1 cores
*** Operational MODE: single process ***
WSGI app 0 (mountpoint='') ready in 3 seconds on interpreter 0x556eb5307310 pid: 3645 (default app)
*** WARNING: you are running uWSGI as root !!! (use the --uid flag) *** 
spawned uWSGI master process (pid: 3645)
spawned uWSGI worker 1 (pid: 3648, cores: 1)
subprocess 3646 exited with code 0
[pid: 3648|app: 0|req: 1/1] 172.17.0.1 () {58 vars in 3641 bytes} [Mon Aug 23 03:17:47 2021] GET / => generated 2146 bytes in 759 msecs (HTTP/1.1 200) 5 headers in 167 bytes (1 switches on core 0)
[pid: 3648|app: 0|req: 2/2] 172.17.0.1 () {58 vars in 3672 bytes} [Mon Aug 23 03:17:50 2021] GET /form/ => generated 36392 bytes in 762 msecs (HTTP/1.1 200) 7 headers in 350 bytes (1 switches on core 0)
문항 수 : 10, 개발자 유형 수 : 5
[pid: 3648|app: 0|req: 3/3] 172.17.0.1 () {66 vars in 3841 bytes} [Mon Aug 23 03:18:12 2021] POST /submit/ => generated 0 bytes in 148 msecs (HTTP/1.1 302) 6 headers in 188 bytes (1 switches on core 0)
[pid: 3648|app: 0|req: 4/4] 172.17.0.1 () {60 vars in 3668 bytes} [Mon Aug 23 03:18:13 2021] GET /result/1 => generated 4615 bytes in 29 msecs (HTTP/1.1 200) 5 headers in 167 bytes (1 switches on core 0)
SIGINT/SIGQUIT received...killing workers...
worker 1 buried after 1 seconds
goodbye to uWSGI.
VACUUM: pidfile removed.
VACUUM: unix socket /workspace/WINK_django_MBIT/tmp/MBIT.sock removed.
*** Starting uWSGI 2.0.19.1 (64bit) on [Mon Aug 23 03:24:34 2021] ***
compiled with version: 7.5.0 on 23 August 2021 02:13:55
os: Linux-4.4.0-1128-aws #142-Ubuntu SMP Fri Apr 16 12:42:33 UTC 2021
nodename: goorm
machine: x86_64
clock source: unix
pcre jit disabled
detected number of CPU cores: 2
current working directory: /workspace/WINK_django_MBIT
writing pidfile to /workspace/WINK_django_MBIT/tmp/MBIT.pid
detected binary path: /workspace/WINK_django_MBIT/venv/bin/uwsgi
chdir() to /workspace/WINK_django_MBIT/
your memory page size is 4096 bytes
detected max file descriptor number: 1024
building mime-types dictionary from file /etc/mime.types...554 entry found
lock engine: pthread robust mutexes
thunder lock: disabled (you can enable it with --thunder-lock)
uwsgi socket 0 bound to UNIX address /workspace/WINK_django_MBIT/tmp/MBIT.sock fd 3
*** WARNING: you are running uWSGI as root !!! (use the --uid flag) *** 
Python version: 3.7.4 (default, Nov  4 2020, 10:17:35)  [GCC 7.4.0]
PEP 405 virtualenv detected: /workspace/WINK_django_MBIT/venv/
Set PythonHome to /workspace/WINK_django_MBIT/venv/
Python main interpreter initialized at 0x55f339153310
*** WARNING: you are running uWSGI as root !!! (use the --uid flag) *** 
python threads support enabled
your server socket listen backlog is limited to 100 connections
your mercy for graceful operations on workers is 60 seconds
mapped 145840 bytes (142 KB) for 1 cores
*** Operational MODE: single process ***
WSGI app 0 (mountpoint='') ready in 2 seconds on interpreter 0x55f339153310 pid: 3681 (default app)
*** WARNING: you are running uWSGI as root !!! (use the --uid flag) *** 
spawned uWSGI master process (pid: 3681)
spawned uWSGI worker 1 (pid: 3684, cores: 1)
subprocess 3682 exited with code 0
[pid: 3684|app: 0|req: 1/1] 172.17.0.1 () {58 vars in 3595 bytes} [Mon Aug 23 03:24:36 2021] GET / => generated 2161 bytes in 162 msecs (HTTP/1.1 200) 5 headers in 167 bytes (1 switches on core 0)
[pid: 3684|app: 0|req: 2/2] 172.17.0.1 () {58 vars in 3626 bytes} [Mon Aug 23 03:24:39 2021] GET /form/ => generated 36704 bytes in 265 msecs (HTTP/1.1 200) 7 headers in 350 bytes (1 switches on core 0)
문항 수 : 10, 개발자 유형 수 : 5
[pid: 3684|app: 0|req: 3/3] 172.17.0.1 () {66 vars in 3841 bytes} [Mon Aug 23 03:25:02 2021] POST /submit/ => generated 0 bytes in 130 msecs (HTTP/1.1 302) 6 headers in 188 bytes (1 switches on core 0)
[pid: 3684|app: 0|req: 4/4] 172.17.0.1 () {60 vars in 3668 bytes} [Mon Aug 23 03:25:02 2021] GET /result/2 => generated 9242 bytes in 69 msecs (HTTP/1.1 200) 5 headers in 167 bytes (1 switches on core 0)
[pid: 3684|app: 0|req: 5/5] 172.17.0.1 () {60 vars in 3670 bytes} [Mon Aug 23 03:28:25 2021] GET /result/2 => generated 9242 bytes in 5 msecs (HTTP/1.1 200) 5 headers in 167 bytes (1 switches on core 0)
[pid: 3684|app: 0|req: 6/6] 172.17.0.1 () {56 vars in 3619 bytes} [Mon Aug 23 03:30:15 2021] GET /all_results => generated 0 bytes in 1 msecs (HTTP/1.1 301) 5 headers in 181 bytes (1 switches on core 0)
[pid: 3684|app: 0|req: 7/7] 172.17.0.1 () {56 vars in 3621 bytes} [Mon Aug 23 03:30:15 2021] GET /all_results/ => generated 1522 bytes in 3 msecs (HTTP/1.1 200) 5 headers in 167 bytes (1 switches on core 0)
[pid: 3684|app: 0|req: 8/8] 172.17.0.1 () {58 vars in 3692 bytes} [Mon Aug 23 03:30:22 2021] GET /result/5 => generated 8174 bytes in 5 msecs (HTTP/1.1 200) 5 headers in 167 bytes (1 switches on core 0)
SIGINT/SIGQUIT received...killing workers...
worker 1 buried after 1 seconds
goodbye to uWSGI.
VACUUM: pidfile removed.
VACUUM: unix socket /workspace/WINK_django_MBIT/tmp/MBIT.sock removed.
*** Starting uWSGI 2.0.19.1 (64bit) on [Mon Aug 23 03:32:50 2021] ***
compiled with version: 7.5.0 on 23 August 2021 02:13:55
os: Linux-4.4.0-1128-aws #142-Ubuntu SMP Fri Apr 16 12:42:33 UTC 2021
nodename: goorm
machine: x86_64
clock source: unix
pcre jit disabled
detected number of CPU cores: 2
current working directory: /workspace/WINK_django_MBIT
writing pidfile to /workspace/WINK_django_MBIT/tmp/MBIT.pid
detected binary path: /workspace/WINK_django_MBIT/venv/bin/uwsgi
chdir() to /workspace/WINK_django_MBIT/
your memory page size is 4096 bytes
detected max file descriptor number: 1024
building mime-types dictionary from file /etc/mime.types...554 entry found
lock engine: pthread robust mutexes
thunder lock: disabled (you can enable it with --thunder-lock)
uwsgi socket 0 bound to UNIX address /workspace/WINK_django_MBIT/tmp/MBIT.sock fd 3
*** WARNING: you are running uWSGI as root !!! (use the --uid flag) *** 
Python version: 3.7.4 (default, Nov  4 2020, 10:17:35)  [GCC 7.4.0]
PEP 405 virtualenv detected: /workspace/WINK_django_MBIT/venv/
Set PythonHome to /workspace/WINK_django_MBIT/venv/
Python main interpreter initialized at 0x55dfc4684310
*** WARNING: you are running uWSGI as root !!! (use the --uid flag) *** 
python threads support enabled
your server socket listen backlog is limited to 100 connections
your mercy for graceful operations on workers is 60 seconds
mapped 145840 bytes (142 KB) for 1 cores
*** Operational MODE: single process ***
WSGI app 0 (mountpoint='') ready in 2 seconds on interpreter 0x55dfc4684310 pid: 3758 (default app)
*** WARNING: you are running uWSGI as root !!! (use the --uid flag) *** 
spawned uWSGI master process (pid: 3758)
spawned uWSGI worker 1 (pid: 3761, cores: 1)
subprocess 3759 exited with code 0
[pid: 3761|app: 0|req: 1/1] 172.17.0.1 () {58 vars in 3643 bytes} [Mon Aug 23 03:32:53 2021] GET / => generated 2161 bytes in 399 msecs (HTTP/1.1 200) 5 headers in 167 bytes (1 switches on core 0)
[pid: 3761|app: 0|req: 2/2] 172.17.0.1 () {58 vars in 3674 bytes} [Mon Aug 23 03:32:55 2021] GET /form/ => generated 36704 bytes in 244 msecs (HTTP/1.1 200) 7 headers in 350 bytes (1 switches on core 0)
문항 수 : 10, 개발자 유형 수 : 5
[pid: 3761|app: 0|req: 3/3] 172.17.0.1 () {66 vars in 3889 bytes} [Mon Aug 23 03:33:17 2021] POST /submit/ => generated 0 bytes in 88 msecs (HTTP/1.1 302) 6 headers in 188 bytes (1 switches on core 0)
[pid: 3761|app: 0|req: 4/4] 172.17.0.1 () {60 vars in 3716 bytes} [Mon Aug 23 03:33:17 2021] GET /result/2 => generated 9242 bytes in 25 msecs (HTTP/1.1 200) 5 headers in 167 bytes (1 switches on core 0)
[pid: 3761|app: 0|req: 5/5] 172.17.0.1 () {56 vars in 3575 bytes} [Mon Aug 23 03:33:34 2021] GET /all_results/ => generated 1522 bytes in 3 msecs (HTTP/1.1 200) 5 headers in 167 bytes (1 switches on core 0)
[pid: 3761|app: 0|req: 6/6] 172.17.0.1 () {58 vars in 3606 bytes} [Mon Aug 23 03:34:22 2021] GET /all_results/ => generated 1522 bytes in 2 msecs (HTTP/1.1 200) 5 headers in 167 bytes (1 switches on core 0)
[pid: 3761|app: 0|req: 7/7] 172.17.0.1 () {58 vars in 3606 bytes} [Mon Aug 23 03:34:23 2021] GET /all_results/ => generated 1522 bytes in 1 msecs (HTTP/1.1 200) 5 headers in 167 bytes (1 switches on core 0)
[pid: 3761|app: 0|req: 8/8] 172.17.0.1 () {58 vars in 3606 bytes} [Mon Aug 23 03:34:23 2021] GET /all_results/ => generated 1522 bytes in 3 msecs (HTTP/1.1 200) 5 headers in 167 bytes (1 switches on core 0)
[pid: 3761|app: 0|req: 9/9] 172.17.0.1 () {58 vars in 3606 bytes} [Mon Aug 23 03:34:24 2021] GET /all_results/ => generated 1522 bytes in 1 msecs (HTTP/1.1 200) 5 headers in 167 bytes (1 switches on core 0)
[pid: 3761|app: 0|req: 10/10] 172.17.0.1 () {58 vars in 3606 bytes} [Mon Aug 23 03:35:05 2021] GET /all_results/ => generated 1522 bytes in 2 msecs (HTTP/1.1 200) 5 headers in 167 bytes (1 switches on core 0)
...gracefully killing workers...
Gracefully killing worker 1 (pid: 3761)...
worker 1 buried after 1 seconds
binary reloading uWSGI...
chdir() to /workspace/WINK_django_MBIT
closing all non-uwsgi socket fds > 2 (max_fd = 1024)...
found fd 3 mapped to socket 0 (/workspace/WINK_django_MBIT/tmp/MBIT.sock)
running /workspace/WINK_django_MBIT/venv/bin/uwsgi
[uWSGI] getting INI configuration from /workspace/WINK_django_MBIT/.config/uwsgi/uwsgi.ini
[uwsgi-static] added mapping for /static => /workspace/WINK_django_MBIT/staticfiles/
*** Starting uWSGI 2.0.19.1 (64bit) on [Mon Aug 23 04:35:21 2021] ***
compiled with version: 7.5.0 on 23 August 2021 02:13:55
os: Linux-4.4.0-1128-aws #142-Ubuntu SMP Fri Apr 16 12:42:33 UTC 2021
nodename: goorm
machine: x86_64
clock source: unix
pcre jit disabled
detected number of CPU cores: 2
current working directory: /workspace/WINK_django_MBIT
detected binary path: /workspace/WINK_django_MBIT/venv/bin/uwsgi
chdir() to /workspace/WINK_django_MBIT/
your memory page size is 4096 bytes
detected max file descriptor number: 1024
building mime-types dictionary from file /etc/mime.types...554 entry found
lock engine: pthread robust mutexes
thunder lock: disabled (you can enable it with --thunder-lock)
uwsgi socket 0 inherited UNIX address /workspace/WINK_django_MBIT/tmp/MBIT.sock fd 3
*** WARNING: you are running uWSGI as root !!! (use the --uid flag) *** 
Python version: 3.7.4 (default, Nov  4 2020, 10:17:35)  [GCC 7.4.0]
PEP 405 virtualenv detected: /workspace/WINK_django_MBIT/venv/
Set PythonHome to /workspace/WINK_django_MBIT/venv/
Python main interpreter initialized at 0x55d260a19290
*** WARNING: you are running uWSGI as root !!! (use the --uid flag) *** 
python threads support enabled
your server socket listen backlog is limited to 100 connections
your mercy for graceful operations on workers is 60 seconds
mapped 145840 bytes (142 KB) for 1 cores
*** Operational MODE: single process ***
WSGI app 0 (mountpoint='') ready in 3 seconds on interpreter 0x55d260a19290 pid: 3758 (default app)
*** WARNING: you are running uWSGI as root !!! (use the --uid flag) *** 
gracefully (RE)spawned uWSGI master process (pid: 3758)
spawned uWSGI worker 1 (pid: 3770, cores: 1)
subprocess 3768 exited with code 0
*** Starting uWSGI 2.0.19.1 (64bit) on [Mon Aug 23 05:44:11 2021] ***
compiled with version: 7.5.0 on 23 August 2021 02:13:55
os: Linux-4.4.0-1128-aws #142-Ubuntu SMP Fri Apr 16 12:42:33 UTC 2021
nodename: goorm
machine: x86_64
clock source: unix
pcre jit disabled
detected number of CPU cores: 2
current working directory: /workspace/WINK_django_MBIT
writing pidfile to /workspace/WINK_django_MBIT/tmp/MBIT.pid
detected binary path: /workspace/WINK_django_MBIT/venv/bin/uwsgi
chdir() to /workspace/WINK_django_MBIT/
your memory page size is 4096 bytes
detected max file descriptor number: 1024
building mime-types dictionary from file /etc/mime.types...554 entry found
lock engine: pthread robust mutexes
thunder lock: disabled (you can enable it with --thunder-lock)
uwsgi socket 0 bound to UNIX address /workspace/WINK_django_MBIT/tmp/MBIT.sock fd 3
*** WARNING: you are running uWSGI as root !!! (use the --uid flag) *** 
Python version: 3.7.4 (default, Nov  4 2020, 10:17:35)  [GCC 7.4.0]
PEP 405 virtualenv detected: /workspace/WINK_django_MBIT/venv/
Set PythonHome to /workspace/WINK_django_MBIT/venv/
Python main interpreter initialized at 0x55c7d43e9310
*** WARNING: you are running uWSGI as root !!! (use the --uid flag) *** 
python threads support enabled
your server socket listen backlog is limited to 100 connections
your mercy for graceful operations on workers is 60 seconds
mapped 145840 bytes (142 KB) for 1 cores
*** Operational MODE: single process ***
WSGI app 0 (mountpoint='') ready in 1 seconds on interpreter 0x55c7d43e9310 pid: 401 (default app)
*** WARNING: you are running uWSGI as root !!! (use the --uid flag) *** 
spawned uWSGI master process (pid: 401)
spawned uWSGI worker 1 (pid: 405, cores: 1)
subprocess 402 exited with code 0
SIGINT/SIGQUIT received...killing workers...
worker 1 buried after 1 seconds
goodbye to uWSGI.
VACUUM: pidfile removed.
VACUUM: unix socket /workspace/WINK_django_MBIT/tmp/MBIT.sock removed.
*** Starting uWSGI 2.0.19.1 (64bit) on [Mon Aug 23 05:45:29 2021] ***
compiled with version: 7.5.0 on 23 August 2021 02:13:55
os: Linux-4.4.0-1128-aws #142-Ubuntu SMP Fri Apr 16 12:42:33 UTC 2021
nodename: goorm
machine: x86_64
clock source: unix
pcre jit disabled
detected number of CPU cores: 2
current working directory: /workspace/WINK_django_MBIT
writing pidfile to /workspace/WINK_django_MBIT/tmp/MBIT.pid
detected binary path: /workspace/WINK_django_MBIT/venv/bin/uwsgi
chdir() to /workspace/WINK_django_MBIT/
your memory page size is 4096 bytes
detected max file descriptor number: 1024
building mime-types dictionary from file /etc/mime.types...554 entry found
lock engine: pthread robust mutexes
thunder lock: disabled (you can enable it with --thunder-lock)
uwsgi socket 0 bound to UNIX address /workspace/WINK_django_MBIT/tmp/MBIT.sock fd 3
*** WARNING: you are running uWSGI as root !!! (use the --uid flag) *** 
Python version: 3.7.4 (default, Nov  4 2020, 10:17:35)  [GCC 7.4.0]
PEP 405 virtualenv detected: /workspace/WINK_django_MBIT/venv/
Set PythonHome to /workspace/WINK_django_MBIT/venv/
Python main interpreter initialized at 0x5649659c6310
*** WARNING: you are running uWSGI as root !!! (use the --uid flag) *** 
python threads support enabled
your server socket listen backlog is limited to 100 connections
your mercy for graceful operations on workers is 60 seconds
mapped 145840 bytes (142 KB) for 1 cores
*** Operational MODE: single process ***
WSGI app 0 (mountpoint='') ready in 2 seconds on interpreter 0x5649659c6310 pid: 564 (default app)
*** WARNING: you are running uWSGI as root !!! (use the --uid flag) *** 
spawned uWSGI master process (pid: 564)
spawned uWSGI worker 1 (pid: 569, cores: 1)
subprocess 565 exited with code 0
Gracefully killing worker 1 (pid: 569)...
...gracefully killing workers...
worker 1 buried after 1 seconds
binary reloading uWSGI...
chdir() to /workspace/WINK_django_MBIT
closing all non-uwsgi socket fds > 2 (max_fd = 1024)...
found fd 3 mapped to socket 0 (/workspace/WINK_django_MBIT/tmp/MBIT.sock)
running /workspace/WINK_django_MBIT/venv/bin/uwsgi
[uWSGI] getting INI configuration from /workspace/WINK_django_MBIT/.config/uwsgi/uwsgi.ini
[uwsgi-static] added mapping for /static => /workspace/WINK_django_MBIT/staticfiles/
*** Starting uWSGI 2.0.19.1 (64bit) on [Mon Aug 23 05:46:05 2021] ***
compiled with version: 7.5.0 on 23 August 2021 02:13:55
os: Linux-4.4.0-1128-aws #142-Ubuntu SMP Fri Apr 16 12:42:33 UTC 2021
nodename: goorm
machine: x86_64
clock source: unix
pcre jit disabled
detected number of CPU cores: 2
current working directory: /workspace/WINK_django_MBIT
detected binary path: /workspace/WINK_django_MBIT/venv/bin/uwsgi
chdir() to /workspace/WINK_django_MBIT/
your memory page size is 4096 bytes
detected max file descriptor number: 1024
building mime-types dictionary from file /etc/mime.types...554 entry found
lock engine: pthread robust mutexes
thunder lock: disabled (you can enable it with --thunder-lock)
uwsgi socket 0 inherited UNIX address /workspace/WINK_django_MBIT/tmp/MBIT.sock fd 3
*** WARNING: you are running uWSGI as root !!! (use the --uid flag) *** 
Python version: 3.7.4 (default, Nov  4 2020, 10:17:35)  [GCC 7.4.0]
PEP 405 virtualenv detected: /workspace/WINK_django_MBIT/venv/
Set PythonHome to /workspace/WINK_django_MBIT/venv/
Python main interpreter initialized at 0x55c157b78290
*** WARNING: you are running uWSGI as root !!! (use the --uid flag) *** 
python threads support enabled
your server socket listen backlog is limited to 100 connections
your mercy for graceful operations on workers is 60 seconds
mapped 145840 bytes (142 KB) for 1 cores
*** Operational MODE: single process ***
WSGI app 0 (mountpoint='') ready in 1 seconds on interpreter 0x55c157b78290 pid: 564 (default app)
*** WARNING: you are running uWSGI as root !!! (use the --uid flag) *** 
gracefully (RE)spawned uWSGI master process (pid: 564)
spawned uWSGI worker 1 (pid: 604, cores: 1)
subprocess 602 exited with code 0
*** Starting uWSGI 2.0.19.1 (64bit) on [Mon Aug 23 05:48:05 2021] ***
compiled with version: 7.5.0 on 23 August 2021 02:13:55
os: Linux-4.4.0-1128-aws #142-Ubuntu SMP Fri Apr 16 12:42:33 UTC 2021
nodename: goorm
machine: x86_64
clock source: unix
pcre jit disabled
detected number of CPU cores: 2
current working directory: /workspace/WINK_django_MBIT
writing pidfile to /workspace/WINK_django_MBIT/tmp/MBIT.pid
detected binary path: /workspace/WINK_django_MBIT/venv/bin/uwsgi
chdir() to /workspace/WINK_django_MBIT/
your memory page size is 4096 bytes
detected max file descriptor number: 1024
building mime-types dictionary from file /etc/mime.types...554 entry found
lock engine: pthread robust mutexes
thunder lock: disabled (you can enable it with --thunder-lock)
uwsgi socket 0 bound to UNIX address /workspace/WINK_django_MBIT/tmp/MBIT.sock fd 3
*** WARNING: you are running uWSGI as root !!! (use the --uid flag) *** 
Python version: 3.7.4 (default, Nov  4 2020, 10:17:35)  [GCC 7.4.0]
PEP 405 virtualenv detected: /workspace/WINK_django_MBIT/venv/
Set PythonHome to /workspace/WINK_django_MBIT/venv/
Python main interpreter initialized at 0x55666529b310
*** WARNING: you are running uWSGI as root !!! (use the --uid flag) *** 
python threads support enabled
your server socket listen backlog is limited to 100 connections
your mercy for graceful operations on workers is 60 seconds
mapped 145840 bytes (142 KB) for 1 cores
*** Operational MODE: single process ***
WSGI app 0 (mountpoint='') ready in 2 seconds on interpreter 0x55666529b310 pid: 1066 (default app)
*** WARNING: you are running uWSGI as root !!! (use the --uid flag) *** 
spawned uWSGI master process (pid: 1066)
spawned uWSGI worker 1 (pid: 1071, cores: 1)
subprocess 1067 exited with code 0
Gracefully killing worker 1 (pid: 1071)...
...gracefully killing workers...
worker 1 buried after 1 seconds
binary reloading uWSGI...
chdir() to /workspace/WINK_django_MBIT
closing all non-uwsgi socket fds > 2 (max_fd = 1024)...
found fd 3 mapped to socket 0 (/workspace/WINK_django_MBIT/tmp/MBIT.sock)
running /workspace/WINK_django_MBIT/venv/bin/uwsgi
[uWSGI] getting INI configuration from /workspace/WINK_django_MBIT/.config/uwsgi/uwsgi.ini
[uwsgi-static] added mapping for /static => /workspace/WINK_django_MBIT/staticfiles/
*** Starting uWSGI 2.0.19.1 (64bit) on [Mon Aug 23 05:49:30 2021] ***
compiled with version: 7.5.0 on 23 August 2021 02:13:55
os: Linux-4.4.0-1128-aws #142-Ubuntu SMP Fri Apr 16 12:42:33 UTC 2021
nodename: goorm
machine: x86_64
clock source: unix
pcre jit disabled
detected number of CPU cores: 2
current working directory: /workspace/WINK_django_MBIT
detected binary path: /workspace/WINK_django_MBIT/venv/bin/uwsgi
chdir() to /workspace/WINK_django_MBIT/
your memory page size is 4096 bytes
detected max file descriptor number: 1024
building mime-types dictionary from file /etc/mime.types...554 entry found
lock engine: pthread robust mutexes
thunder lock: disabled (you can enable it with --thunder-lock)
uwsgi socket 0 inherited UNIX address /workspace/WINK_django_MBIT/tmp/MBIT.sock fd 3
*** WARNING: you are running uWSGI as root !!! (use the --uid flag) *** 
Python version: 3.7.4 (default, Nov  4 2020, 10:17:35)  [GCC 7.4.0]
PEP 405 virtualenv detected: /workspace/WINK_django_MBIT/venv/
Set PythonHome to /workspace/WINK_django_MBIT/venv/
Python main interpreter initialized at 0x561515556290
*** WARNING: you are running uWSGI as root !!! (use the --uid flag) *** 
python threads support enabled
your server socket listen backlog is limited to 100 connections
your mercy for graceful operations on workers is 60 seconds
mapped 145840 bytes (142 KB) for 1 cores
*** Operational MODE: single process ***
WSGI app 0 (mountpoint='') ready in 3 seconds on interpreter 0x561515556290 pid: 1066 (default app)
*** WARNING: you are running uWSGI as root !!! (use the --uid flag) *** 
gracefully (RE)spawned uWSGI master process (pid: 1066)
spawned uWSGI worker 1 (pid: 1190, cores: 1)
subprocess 1148 exited with code 0
*** Starting uWSGI 2.0.19.1 (64bit) on [Mon Aug 23 05:49:55 2021] ***
compiled with version: 7.5.0 on 23 August 2021 02:13:55
os: Linux-4.4.0-1128-aws #142-Ubuntu SMP Fri Apr 16 12:42:33 UTC 2021
nodename: goorm
machine: x86_64
clock source: unix
pcre jit disabled
detected number of CPU cores: 2
current working directory: /workspace/WINK_django_MBIT
writing pidfile to /workspace/WINK_django_MBIT/tmp/MBIT.pid
detected binary path: /workspace/WINK_django_MBIT/venv/bin/uwsgi
chdir() to /workspace/WINK_django_MBIT/
your memory page size is 4096 bytes
detected max file descriptor number: 1024
building mime-types dictionary from file /etc/mime.types...554 entry found
lock engine: pthread robust mutexes
thunder lock: disabled (you can enable it with --thunder-lock)
uwsgi socket 0 bound to UNIX address /workspace/WINK_django_MBIT/tmp/MBIT.sock fd 3
*** WARNING: you are running uWSGI as root !!! (use the --uid flag) *** 
Python version: 3.7.4 (default, Nov  4 2020, 10:17:35)  [GCC 7.4.0]
PEP 405 virtualenv detected: /workspace/WINK_django_MBIT/venv/
Set PythonHome to /workspace/WINK_django_MBIT/venv/
Python main interpreter initialized at 0x55ea4f8ca310
*** WARNING: you are running uWSGI as root !!! (use the --uid flag) *** 
python threads support enabled
your server socket listen backlog is limited to 100 connections
your mercy for graceful operations on workers is 60 seconds
mapped 145840 bytes (142 KB) for 1 cores
*** Operational MODE: single process ***
WSGI app 0 (mountpoint='') ready in 3 seconds on interpreter 0x55ea4f8ca310 pid: 1519 (default app)
*** WARNING: you are running uWSGI as root !!! (use the --uid flag) *** 
spawned uWSGI master process (pid: 1519)
spawned uWSGI worker 1 (pid: 1524, cores: 1)
subprocess 1520 exited with code 0
*** Starting uWSGI 2.0.19.1 (64bit) on [Mon Aug 23 05:52:50 2021] ***
compiled with version: 7.5.0 on 23 August 2021 02:13:55
os: Linux-4.4.0-1128-aws #142-Ubuntu SMP Fri Apr 16 12:42:33 UTC 2021
nodename: goorm
machine: x86_64
clock source: unix
pcre jit disabled
detected number of CPU cores: 2
current working directory: /workspace/WINK_django_MBIT
writing pidfile to /workspace/WINK_django_MBIT/tmp/MBIT.pid
detected binary path: /workspace/WINK_django_MBIT/venv/bin/uwsgi
chdir() to /workspace/WINK_django_MBIT/
your memory page size is 4096 bytes
detected max file descriptor number: 1024
building mime-types dictionary from file /etc/mime.types...554 entry found
lock engine: pthread robust mutexes
thunder lock: disabled (you can enable it with --thunder-lock)
uwsgi socket 0 bound to UNIX address /workspace/WINK_django_MBIT/tmp/MBIT.sock fd 3
*** WARNING: you are running uWSGI as root !!! (use the --uid flag) *** 
Python version: 3.7.4 (default, Nov  4 2020, 10:17:35)  [GCC 7.4.0]
PEP 405 virtualenv detected: /workspace/WINK_django_MBIT/venv/
Set PythonHome to /workspace/WINK_django_MBIT/venv/
Python main interpreter initialized at 0x55f876df8310
*** WARNING: you are running uWSGI as root !!! (use the --uid flag) *** 
python threads support enabled
your server socket listen backlog is limited to 100 connections
your mercy for graceful operations on workers is 60 seconds
mapped 145840 bytes (142 KB) for 1 cores
*** Operational MODE: single process ***
WSGI app 0 (mountpoint='') ready in 2 seconds on interpreter 0x55f876df8310 pid: 2018 (default app)
*** WARNING: you are running uWSGI as root !!! (use the --uid flag) *** 
spawned uWSGI master process (pid: 2018)
spawned uWSGI worker 1 (pid: 2023, cores: 1)
subprocess 2019 exited with code 0
[pid: 2023|app: 0|req: 1/1] 172.17.0.1 () {58 vars in 2885 bytes} [Mon Aug 23 05:52:55 2021] GET / => generated 2161 bytes in 441 msecs (HTTP/1.1 200) 5 headers in 167 bytes (1 switches on core 0)
Gracefully killing worker 1 (pid: 2023)...
...gracefully killing workers...
worker 1 buried after 1 seconds
binary reloading uWSGI...
chdir() to /workspace/WINK_django_MBIT
closing all non-uwsgi socket fds > 2 (max_fd = 1024)...
found fd 3 mapped to socket 0 (/workspace/WINK_django_MBIT/tmp/MBIT.sock)
running /workspace/WINK_django_MBIT/venv/bin/uwsgi
[uWSGI] getting INI configuration from /workspace/WINK_django_MBIT/.config/uwsgi/uwsgi.ini
[uwsgi-static] added mapping for /static => /workspace/WINK_django_MBIT/staticfiles/
*** Starting uWSGI 2.0.19.1 (64bit) on [Mon Aug 23 05:53:19 2021] ***
compiled with version: 7.5.0 on 23 August 2021 02:13:55
os: Linux-4.4.0-1128-aws #142-Ubuntu SMP Fri Apr 16 12:42:33 UTC 2021
nodename: goorm
machine: x86_64
clock source: unix
pcre jit disabled
detected number of CPU cores: 2
current working directory: /workspace/WINK_django_MBIT
detected binary path: /workspace/WINK_django_MBIT/venv/bin/uwsgi
chdir() to /workspace/WINK_django_MBIT/
your memory page size is 4096 bytes
detected max file descriptor number: 1024
building mime-types dictionary from file /etc/mime.types...554 entry found
lock engine: pthread robust mutexes
thunder lock: disabled (you can enable it with --thunder-lock)
uwsgi socket 0 inherited UNIX address /workspace/WINK_django_MBIT/tmp/MBIT.sock fd 3
*** WARNING: you are running uWSGI as root !!! (use the --uid flag) *** 
Python version: 3.7.4 (default, Nov  4 2020, 10:17:35)  [GCC 7.4.0]
PEP 405 virtualenv detected: /workspace/WINK_django_MBIT/venv/
Set PythonHome to /workspace/WINK_django_MBIT/venv/
Python main interpreter initialized at 0x5636fbd8d290
*** WARNING: you are running uWSGI as root !!! (use the --uid flag) *** 
python threads support enabled
your server socket listen backlog is limited to 100 connections
your mercy for graceful operations on workers is 60 seconds
mapped 145840 bytes (142 KB) for 1 cores
*** Operational MODE: single process ***
WSGI app 0 (mountpoint='') ready in 2 seconds on interpreter 0x5636fbd8d290 pid: 2018 (default app)
*** WARNING: you are running uWSGI as root !!! (use the --uid flag) *** 
gracefully (RE)spawned uWSGI master process (pid: 2018)
spawned uWSGI worker 1 (pid: 2067, cores: 1)
subprocess 2063 exited with code 0
Gracefully killing worker 1 (pid: 1524)...
...gracefully killing workers...
worker 1 buried after 1 seconds
binary reloading uWSGI...
chdir() to /workspace/WINK_django_MBIT
closing all non-uwsgi socket fds > 2 (max_fd = 1024)...
found fd 3 mapped to socket 0 (/workspace/WINK_django_MBIT/tmp/MBIT.sock)
running /workspace/WINK_django_MBIT/venv/bin/uwsgi
[uWSGI] getting INI configuration from /workspace/WINK_django_MBIT/.config/uwsgi/uwsgi.ini
[uwsgi-static] added mapping for /static => /workspace/WINK_django_MBIT/staticfiles/
*** Starting uWSGI 2.0.19.1 (64bit) on [Mon Aug 23 05:54:10 2021] ***
compiled with version: 7.5.0 on 23 August 2021 02:13:55
os: Linux-4.4.0-1128-aws #142-Ubuntu SMP Fri Apr 16 12:42:33 UTC 2021
nodename: goorm
machine: x86_64
clock source: unix
pcre jit disabled
detected number of CPU cores: 2
current working directory: /workspace/WINK_django_MBIT
detected binary path: /workspace/WINK_django_MBIT/venv/bin/uwsgi
chdir() to /workspace/WINK_django_MBIT/
your memory page size is 4096 bytes
detected max file descriptor number: 1024
building mime-types dictionary from file /etc/mime.types...554 entry found
lock engine: pthread robust mutexes
thunder lock: disabled (you can enable it with --thunder-lock)
uwsgi socket 0 inherited UNIX address /workspace/WINK_django_MBIT/tmp/MBIT.sock fd 3
*** WARNING: you are running uWSGI as root !!! (use the --uid flag) *** 
Python version: 3.7.4 (default, Nov  4 2020, 10:17:35)  [GCC 7.4.0]
PEP 405 virtualenv detected: /workspace/WINK_django_MBIT/venv/
Set PythonHome to /workspace/WINK_django_MBIT/venv/
Python main interpreter initialized at 0x560700cdf290
*** WARNING: you are running uWSGI as root !!! (use the --uid flag) *** 
python threads support enabled
your server socket listen backlog is limited to 100 connections
your mercy for graceful operations on workers is 60 seconds
mapped 145840 bytes (142 KB) for 1 cores
*** Operational MODE: single process ***
WSGI app 0 (mountpoint='') ready in 2 seconds on interpreter 0x560700cdf290 pid: 1519 (default app)
*** WARNING: you are running uWSGI as root !!! (use the --uid flag) *** 
gracefully (RE)spawned uWSGI master process (pid: 1519)
spawned uWSGI worker 1 (pid: 2105, cores: 1)
subprocess 2103 exited with code 0
*** Starting uWSGI 2.0.19.1 (64bit) on [Mon Aug 23 05:55:05 2021] ***
compiled with version: 7.5.0 on 23 August 2021 02:13:55
os: Linux-4.4.0-1128-aws #142-Ubuntu SMP Fri Apr 16 12:42:33 UTC 2021
nodename: goorm
machine: x86_64
clock source: unix
pcre jit disabled
detected number of CPU cores: 2
current working directory: /workspace/WINK_django_MBIT
writing pidfile to /workspace/WINK_django_MBIT/tmp/MBIT.pid
detected binary path: /workspace/WINK_django_MBIT/venv/bin/uwsgi
chdir() to /workspace/WINK_django_MBIT/
your memory page size is 4096 bytes
detected max file descriptor number: 1024
building mime-types dictionary from file /etc/mime.types...554 entry found
lock engine: pthread robust mutexes
thunder lock: disabled (you can enable it with --thunder-lock)
uwsgi socket 0 bound to UNIX address /workspace/WINK_django_MBIT/tmp/MBIT.sock fd 3
*** WARNING: you are running uWSGI as root !!! (use the --uid flag) *** 
Python version: 3.7.4 (default, Nov  4 2020, 10:17:35)  [GCC 7.4.0]
PEP 405 virtualenv detected: /workspace/WINK_django_MBIT/venv/
Set PythonHome to /workspace/WINK_django_MBIT/venv/
Python main interpreter initialized at 0x55705e8c5310
*** WARNING: you are running uWSGI as root !!! (use the --uid flag) *** 
python threads support enabled
your server socket listen backlog is limited to 100 connections
your mercy for graceful operations on workers is 60 seconds
mapped 145840 bytes (142 KB) for 1 cores
*** Operational MODE: single process ***
WSGI app 0 (mountpoint='') ready in 2 seconds on interpreter 0x55705e8c5310 pid: 2495 (default app)
*** WARNING: you are running uWSGI as root !!! (use the --uid flag) *** 
spawned uWSGI master process (pid: 2495)
spawned uWSGI worker 1 (pid: 2500, cores: 1)
subprocess 2496 exited with code 0
[pid: 2500|app: 0|req: 1/1] 172.17.0.1 () {58 vars in 2918 bytes} [Mon Aug 23 05:55:07 2021] GET / => generated 2161 bytes in 141 msecs (HTTP/1.1 200) 5 headers in 167 bytes (1 switches on core 0)
[pid: 2500|app: 0|req: 2/2] 172.17.0.1 () {60 vars in 2852 bytes} [Mon Aug 23 06:01:03 2021] GET / => generated 2161 bytes in 61 msecs (HTTP/1.1 200) 5 headers in 167 bytes (1 switches on core 0)
[pid: 2500|app: 0|req: 3/3] 172.17.0.1 () {58 vars in 2852 bytes} [Mon Aug 23 06:01:05 2021] GET /form/ => generated 36704 bytes in 356 msecs (HTTP/1.1 200) 7 headers in 350 bytes (1 switches on core 0)
문항 수 : 10, 개발자 유형 수 : 5
[pid: 2500|app: 0|req: 4/4] 172.17.0.1 () {66 vars in 3143 bytes} [Mon Aug 23 06:01:31 2021] POST /submit/ => generated 0 bytes in 126 msecs (HTTP/1.1 302) 6 headers in 188 bytes (1 switches on core 0)
[pid: 2500|app: 0|req: 5/5] 172.17.0.1 () {60 vars in 2970 bytes} [Mon Aug 23 06:01:31 2021] GET /result/5 => generated 8174 bytes in 23 msecs (HTTP/1.1 200) 5 headers in 167 bytes (1 switches on core 0)
[pid: 2500|app: 0|req: 6/6] 172.17.0.1 () {56 vars in 2875 bytes} [Mon Aug 23 06:04:52 2021] GET /all_results => generated 0 bytes in 1 msecs (HTTP/1.1 301) 5 headers in 181 bytes (1 switches on core 0)
[pid: 2500|app: 0|req: 7/7] 172.17.0.1 () {56 vars in 2877 bytes} [Mon Aug 23 06:04:52 2021] GET /all_results/ => generated 1522 bytes in 7 msecs (HTTP/1.1 200) 5 headers in 167 bytes (1 switches on core 0)
[pid: 2500|app: 0|req: 8/8] 172.17.0.1 () {56 vars in 2853 bytes} [Mon Aug 23 06:05:21 2021] GET / => generated 2161 bytes in 14 msecs (HTTP/1.1 200) 5 headers in 167 bytes (1 switches on core 0)
SIGINT/SIGQUIT received...killing workers...
worker 1 buried after 1 seconds
goodbye to uWSGI.
VACUUM: pidfile removed.
VACUUM: unix socket /workspace/WINK_django_MBIT/tmp/MBIT.sock removed.
